<?xml version="1.0" encoding="UTF-8"?>
<testsuite name="com.bridgelabz.MoodAnalyserTest" tests="2" skipped="0" failures="0" errors="0" timestamp="2021-10-10T14:12:17" hostname="MOHAMMED-DANISH" time="0.199">
  <properties/>
  <testcase name="givenMessage_WhenSad_ShouldReturnSad()" classname="com.bridgelabz.MoodAnalyserTest" time="0.126"/>
  <testcase name="givenMessage_WhenHappy_ShouldReturnHappy()" classname="com.bridgelabz.MoodAnalyserTest" time="0.008"/>
  <system-out><![CDATA[]]></system-out>
  <system-err><![CDATA[]]></system-err>
</testsuite>
